<?xml version="1.0" encoding="UTF-8"?>
<testng-results ignored="0" total="3" passed="3" failed="0" skipped="0">
  <reporter-output>
  </reporter-output>
  <suite started-at="2022-11-26T23:59:29 EST" name="Suite1" finished-at="2022-11-26T23:59:30 EST" duration-ms="557">
    <groups>
      <group name="cucumber">
        <method signature="AbstractTestNGCucumberTests.runScenario(io.cucumber.testng.PickleWrapper,io.cucumber.testng.FeatureWrapper)[pri:0, instance:runners.TestRunner@54e1c68b]" name="runScenario" class="io.cucumber.testng.AbstractTestNGCucumberTests"/>
      </group> <!-- cucumber -->
    </groups>
    <test started-at="2022-11-26T23:59:29 EST" name="Nopackage" finished-at="2022-11-26T23:59:30 EST" duration-ms="557">
      <class name="runners.TestRunner">
        <test-method is-config="true" signature="setUpClass(org.testng.ITestContext)[pri:0, instance:runners.TestRunner@54e1c68b]" started-at="2022-11-26T23:59:29 EST" name="setUpClass" finished-at="2022-11-26T23:59:29 EST" duration-ms="328" status="PASS">
          <params>
            <param index="0">
              <value>
                <![CDATA[org.testng.TestRunner@1fcb4808]]>
              </value>
            </param>
          </params>
          <reporter-output>
          </reporter-output>
        </test-method> <!-- setUpClass -->
        <test-method signature="runScenario(io.cucumber.testng.PickleWrapper,io.cucumber.testng.FeatureWrapper)[pri:0, instance:runners.TestRunner@54e1c68b]" started-at="2022-11-26T23:59:29 EST" name="runScenario" description="Runs Cucumber Scenarios" data-provider="scenarios" finished-at="2022-11-26T23:59:29 EST" duration-ms="135" status="PASS">
          <params>
            <param index="0">
              <value>
                <![CDATA["simple search"]]>
              </value>
            </param>
            <param index="1">
              <value>
                <![CDATA["google search"]]>
              </value>
            </param>
          </params>
          <reporter-output>
          </reporter-output>
        </test-method> <!-- runScenario -->
        <test-method signature="runScenario(io.cucumber.testng.PickleWrapper,io.cucumber.testng.FeatureWrapper)[pri:0, instance:runners.TestRunner@54e1c68b]" started-at="2022-11-26T23:59:29 EST" name="runScenario" description="Runs Cucumber Scenarios" data-provider="scenarios" finished-at="2022-11-26T23:59:29 EST" duration-ms="16" status="PASS">
          <params>
            <param index="0">
              <value>
                <![CDATA["simple search"]]>
              </value>
            </param>
            <param index="1">
              <value>
                <![CDATA["google search"]]>
              </value>
            </param>
          </params>
          <reporter-output>
          </reporter-output>
        </test-method> <!-- runScenario -->
        <test-method signature="runScenario(io.cucumber.testng.PickleWrapper,io.cucumber.testng.FeatureWrapper)[pri:0, instance:runners.TestRunner@54e1c68b]" started-at="2022-11-26T23:59:29 EST" name="runScenario" description="Runs Cucumber Scenarios" data-provider="scenarios" finished-at="2022-11-26T23:59:30 EST" duration-ms="7" status="PASS">
          <params>
            <param index="0">
              <value>
                <![CDATA["Shop BustBuy"]]>
              </value>
            </param>
            <param index="1">
              <value>
                <![CDATA["google search"]]>
              </value>
            </param>
          </params>
          <reporter-output>
          </reporter-output>
        </test-method> <!-- runScenario -->
        <test-method is-config="true" signature="tearDownClass()[pri:0, instance:runners.TestRunner@54e1c68b]" started-at="2022-11-26T23:59:30 EST" name="tearDownClass" finished-at="2022-11-26T23:59:30 EST" duration-ms="10" status="PASS">
          <reporter-output>
          </reporter-output>
        </test-method> <!-- tearDownClass -->
      </class> <!-- runners.TestRunner -->
    </test> <!-- Nopackage -->
  </suite> <!-- Suite1 -->
</testng-results>
